\BOOKMARK [1][-]{section*.1}{\376\377\000A\000b\000s\000t\000r\000a\000c\000t}{}% 1
\BOOKMARK [1][-]{section.1}{\376\377\0001\000\040\000I\000n\000t\000r\000o\000d\000u\000c\000t\000i\000o\000n}{}% 2
\BOOKMARK [2][-]{subsection.1.1}{\376\377\0001\000.\0001\000\040\000P\000r\000o\000b\000l\000e\000m\000\040\000S\000t\000a\000t\000e\000m\000e\000n\000t}{section.1}% 3
\BOOKMARK [2][-]{subsection.1.2}{\376\377\0001\000.\0002\000\040\000M\000o\000t\000i\000v\000a\000t\000i\000o\000n}{section.1}% 4
\BOOKMARK [2][-]{subsection.1.3}{\376\377\0001\000.\0003\000\040\000P\000r\000o\000p\000o\000s\000e\000d\000\040\000S\000o\000l\000u\000t\000i\000o\000n\000\040\000\046\000\040\000C\000o\000n\000t\000r\000i\000b\000u\000t\000i\000o\000n\000s}{section.1}% 5
\BOOKMARK [1][-]{section.2}{\376\377\0002\000\040\000P\000r\000i\000o\000r\000\040\000W\000o\000r\000k}{}% 6
\BOOKMARK [2][-]{subsection.2.1}{\376\377\0002\000.\0001\000\040\000F\000o\000u\000n\000d\000a\000t\000i\000o\000n\000a\000l\000\040\000a\000n\000d\000\040\000E\000x\000p\000l\000i\000c\000i\000t\000\040\000S\000p\000a\000t\000i\000a\000l\000\040\000M\000e\000t\000h\000o\000d\000s}{section.2}% 7
\BOOKMARK [2][-]{subsection.2.2}{\376\377\0002\000.\0002\000\040\000T\000h\000e\000\040\000R\000i\000s\000e\000\040\000o\000f\000\040\000M\000L\000L\000M\000s\000\040\000i\000n\000\040\000S\000p\000a\000t\000i\000a\000l\000\040\000G\000r\000o\000u\000n\000d\000i\000n\000g}{section.2}% 8
\BOOKMARK [2][-]{subsection.2.3}{\376\377\0002\000.\0003\000\040\000E\000n\000a\000b\000l\000i\000n\000g\000\040\000T\000e\000c\000h\000n\000o\000l\000o\000g\000i\000e\000s}{section.2}% 9
\BOOKMARK [2][-]{subsection.2.4}{\376\377\0002\000.\0004\000\040\000C\000o\000n\000t\000r\000i\000b\000u\000t\000i\000o\000n\000s}{section.2}% 10
\BOOKMARK [2][-]{subsection.2.5}{\376\377\0002\000.\0005\000\040\000C\000o\000m\000p\000a\000r\000i\000s\000o\000n\000\040\000o\000f\000\040\000A\000p\000p\000r\000o\000a\000c\000h\000e\000s}{section.2}% 11
\BOOKMARK [1][-]{section.3}{\376\377\0003\000\040\000M\000e\000t\000h\000o\000d\000o\000l\000o\000g\000y}{}% 12
\BOOKMARK [2][-]{subsection.3.1}{\376\377\0003\000.\0001\000\040\000C\000o\000r\000e\000\040\000A\000l\000g\000o\000r\000i\000t\000h\000m\000\040\000O\000v\000e\000r\000v\000i\000e\000w}{section.3}% 13
\BOOKMARK [2][-]{subsection.3.2}{\376\377\0003\000.\0002\000\040\000I\000n\000d\000e\000x\000i\000n\000g\000\040\000P\000h\000a\000s\000e}{section.3}% 14
\BOOKMARK [2][-]{subsection.3.3}{\376\377\0003\000.\0003\000\040\000Q\000u\000e\000r\000y\000\040\000P\000r\000o\000c\000e\000s\000s\000i\000n\000g}{section.3}% 15
\BOOKMARK [2][-]{subsection.3.4}{\376\377\0003\000.\0004\000\040\000S\000e\000a\000r\000c\000h\000\040\000a\000n\000d\000\040\000R\000a\000n\000k\000i\000n\000g}{section.3}% 16
\BOOKMARK [2][-]{subsection.3.5}{\376\377\0003\000.\0005\000\040\000S\000y\000n\000t\000h\000e\000t\000i\000c\000\040\000D\000a\000t\000a\000s\000e\000t\000\040\000G\000e\000n\000e\000r\000a\000t\000i\000o\000n}{section.3}% 17
\BOOKMARK [1][-]{section.4}{\376\377\0004\000\040\000E\000v\000a\000l\000u\000a\000t\000i\000o\000n}{}% 18
\BOOKMARK [2][-]{subsection.4.1}{\376\377\0004\000.\0001\000\040\000E\000v\000a\000l\000u\000a\000t\000i\000o\000n\000\040\000S\000e\000t\000u\000p}{section.4}% 19
\BOOKMARK [2][-]{subsection.4.2}{\376\377\0004\000.\0002\000\040\000E\000v\000a\000l\000u\000a\000t\000i\000o\000n\000\040\000M\000e\000t\000r\000i\000c\000s}{section.4}% 20
\BOOKMARK [2][-]{subsection.4.3}{\376\377\0004\000.\0003\000\040\000R\000e\000s\000u\000l\000t\000s}{section.4}% 21
\BOOKMARK [1][-]{section.5}{\376\377\0005\000\040\000V\000i\000s\000u\000a\000l\000i\000z\000a\000t\000i\000o\000n\000\040\000T\000o\000o\000l}{}% 22
\BOOKMARK [1][-]{section.6}{\376\377\0006\000\040\000C\000o\000n\000c\000l\000u\000s\000i\000o\000n\000\040\000a\000n\000d\000\040\000F\000u\000t\000u\000r\000e\000\040\000W\000o\000r\000k}{}% 23
\BOOKMARK [2][-]{subsection.6.1}{\376\377\0006\000.\0001\000\040\000S\000u\000m\000m\000a\000r\000y\000\040\000o\000f\000\040\000F\000i\000n\000d\000i\000n\000g\000s}{section.6}% 24
\BOOKMARK [2][-]{subsection.6.2}{\376\377\0006\000.\0002\000\040\000L\000i\000m\000i\000t\000a\000t\000i\000o\000n\000s}{section.6}% 25
\BOOKMARK [2][-]{subsection.6.3}{\376\377\0006\000.\0003\000\040\000F\000u\000t\000u\000r\000e\000\040\000D\000i\000r\000e\000c\000t\000i\000o\000n\000s}{section.6}% 26
\BOOKMARK [1][-]{section*.16}{\376\377\000A\000c\000k\000n\000o\000w\000l\000e\000d\000g\000m\000e\000n\000t\000s}{}% 27
\BOOKMARK [1][-]{section*.18}{\376\377\000R\000e\000f\000e\000r\000e\000n\000c\000e\000s}{}% 28
